Added Component: Designator=3.3V(TP-1.5)
Add component. Clean all parameters for all variants
Added Component: Designator=5V(TP-1.5)
Add component. Clean all parameters for all variants
Added Component: Designator=C1(0805)
Add component. Clean all parameters for all variants
Added Component: Designator=C2(0805)
Add component. Clean all parameters for all variants
Added Component: Designator=C3(0805)
Add component. Clean all parameters for all variants
Added Component: Designator=C4(0805)
Add component. Clean all parameters for all variants
Added Component: Designator=C5(0805)
Add component. Clean all parameters for all variants
Added Component: Designator=C6(0805)
Add component. Clean all parameters for all variants
Added Component: Designator=C7(0805)
Add component. Clean all parameters for all variants
Added Component: Designator=C8(0805)
Add component. Clean all parameters for all variants
Added Component: Designator=C9(0805)
Add component. Clean all parameters for all variants
Added Component: Designator=C10(0805)
Add component. Clean all parameters for all variants
Added Component: Designator=C11(0805)
Add component. Clean all parameters for all variants
Added Component: Designator=C12(0805)
Add component. Clean all parameters for all variants
Added Component: Designator=C13(0805)
Add component. Clean all parameters for all variants
Added Component: Designator=C14(0805)
Add component. Clean all parameters for all variants
Added Component: Designator=C15(0805)
Add component. Clean all parameters for all variants
Added Component: Designator=C16(0805)
Add component. Clean all parameters for all variants
Added Component: Designator=C17(0805)
Add component. Clean all parameters for all variants
Added Component: Designator=C18(0805)
Add component. Clean all parameters for all variants
Added Component: Designator=C19(0805)
Add component. Clean all parameters for all variants
Added Component: Designator=C20(0805)
Add component. Clean all parameters for all variants
Added Component: Designator=C21(0805)
Add component. Clean all parameters for all variants
Added Component: Designator=C22(0805)
Add component. Clean all parameters for all variants
Added Component: Designator=C23(0805)
Add component. Clean all parameters for all variants
Added Component: Designator=C24(0805)
Add component. Clean all parameters for all variants
Added Component: Designator=C25(0805)
Add component. Clean all parameters for all variants
Added Component: Designator=C26(0805)
Add component. Clean all parameters for all variants
Added Component: Designator=C27(0805)
Add component. Clean all parameters for all variants
Added Component: Designator=C28(0805)
Add component. Clean all parameters for all variants
Added Component: Designator=C29(0805)
Add component. Clean all parameters for all variants
Added Component: Designator=C30(0805)
Add component. Clean all parameters for all variants
Added Component: Designator=C31(0805)
Add component. Clean all parameters for all variants
Added Component: Designator=C32(0805)
Add component. Clean all parameters for all variants
Added Component: Designator=C33(0805)
Add component. Clean all parameters for all variants
Added Component: Designator=C34(0805)
Add component. Clean all parameters for all variants
Added Component: Designator=C35(0805)
Add component. Clean all parameters for all variants
Added Component: Designator=C36(0805)
Add component. Clean all parameters for all variants
Added Component: Designator=C37(0805)
Add component. Clean all parameters for all variants
Added Component: Designator=C38(0805)
Add component. Clean all parameters for all variants
Added Component: Designator=C39(0805)
Add component. Clean all parameters for all variants
Added Component: Designator=C40(0805)
Add component. Clean all parameters for all variants
Added Component: Designator=C41(0805)
Add component. Clean all parameters for all variants
Added Component: Designator=C42(0805)
Add component. Clean all parameters for all variants
Added Component: Designator=C43(0805)
Add component. Clean all parameters for all variants
Added Component: Designator=C44(0805)
Add component. Clean all parameters for all variants
Added Component: Designator=C45(0805)
Add component. Clean all parameters for all variants
Added Component: Designator=D1(SOT-23)
Add component. Clean all parameters for all variants
Added Component: Designator=DS0(SMDLED-0603)
Add component. Clean all parameters for all variants
Added Component: Designator=F1(*1812)
Add component. Clean all parameters for all variants
Add component (AddParameter): Name = "Availability"; Value = "Unavailable"; VariantName = "[No Variations]"
Add component (AddParameter): Name = "MF"; Value = "Littelfuse Inc."; VariantName = "[No Variations]"
Add component (AddParameter): Name = "MP"; Value = "1812L075PR"; VariantName = "[No Variations]"
Add component (AddParameter): Name = "Package"; Value = "1812 Littelfuse"; VariantName = "[No Variations]"
Add component (AddParameter): Name = "Price"; Value = "None"; VariantName = "[No Variations]"
Add component (AddParameter): Name = "SnapEDA_Link"; Value = "https://www.snapeda.com/parts/1812L075PR/Littelfuse%20Inc./view-part/?ref=snap"; VariantName = "[No Variations]"
Add component (AddParameter): Name = "Value"; Value = ""; VariantName = "[No Variations]"
Added Component: Designator=GND(TP-1.5)
Add component. Clean all parameters for all variants
Added Component: Designator=J1(3710F060046G3FT01)
Add component. Clean all parameters for all variants
Added Component: Designator=J2(3710F060046G3FT01)
Add component. Clean all parameters for all variants
Added Component: Designator=J3(FPC-TOP40)
Add component. Clean all parameters for all variants
Added Component: Designator=MOS1(SO-G3/C2.5)
Add component. Clean all parameters for all variants
Added Component: Designator=P1(HDR1X5)
Add component. Clean all parameters for all variants
Add component (AddParameter): Name = "LatestRevisionDate"; Value = "17-Jul-2002"; VariantName = "[No Variations]"
Add component (AddParameter): Name = "LatestRevisionNote"; Value = "Re-released for DXP Platform."; VariantName = "[No Variations]"
Add component (AddParameter): Name = "Publisher"; Value = "Altium Limited"; VariantName = "[No Variations]"
Added Component: Designator=P2(HDR1X3)
Add component. Clean all parameters for all variants
Add component (AddParameter): Name = "LatestRevisionDate"; Value = "17-Jul-2002"; VariantName = "[No Variations]"
Add component (AddParameter): Name = "LatestRevisionNote"; Value = "Re-released for DXP Platform."; VariantName = "[No Variations]"
Add component (AddParameter): Name = "Publisher"; Value = "Altium Limited"; VariantName = "[No Variations]"
Added Component: Designator=PWR(SMDLED-0603)
Add component. Clean all parameters for all variants
Added Component: Designator=R1(0805)
Add component. Clean all parameters for all variants
Added Component: Designator=R2(0805)
Add component. Clean all parameters for all variants
Added Component: Designator=R3(0805)
Add component. Clean all parameters for all variants
Added Component: Designator=R4(0805)
Add component. Clean all parameters for all variants
Added Component: Designator=R5(0805)
Add component. Clean all parameters for all variants
Added Component: Designator=R6(0805)
Add component. Clean all parameters for all variants
Added Component: Designator=R7(0805)
Add component. Clean all parameters for all variants
Added Component: Designator=R8(0805)
Add component. Clean all parameters for all variants
Added Component: Designator=R9(0805)
Add component. Clean all parameters for all variants
Added Component: Designator=R10(0805)
Add component. Clean all parameters for all variants
Added Component: Designator=R11(0805)
Add component. Clean all parameters for all variants
Added Component: Designator=R12(0805)
Add component. Clean all parameters for all variants
Added Component: Designator=R13(0805)
Add component. Clean all parameters for all variants
Added Component: Designator=R14(0805)
Add component. Clean all parameters for all variants
Added Component: Designator=R15(0805)
Add component. Clean all parameters for all variants
Added Component: Designator=R16(0805)
Add component. Clean all parameters for all variants
Added Component: Designator=R17(0805)
Add component. Clean all parameters for all variants
Added Component: Designator=R18(0805)
Add component. Clean all parameters for all variants
Added Component: Designator=R19(0805)
Add component. Clean all parameters for all variants
Added Component: Designator=R20(0805)
Add component. Clean all parameters for all variants
Added Component: Designator=R21(0805)
Add component. Clean all parameters for all variants
Added Component: Designator=RST(KEY_SOP3625)
Add component. Clean all parameters for all variants
Added Component: Designator=U1(LQFP176)
Add component. Clean all parameters for all variants
Added Component: Designator=U2(SOT-23-5)
Add component. Clean all parameters for all variants
Added Component: Designator=U3(TSOP54)
Add component. Clean all parameters for all variants
Added Component: Designator=U4(TSOP48)
Add component. Clean all parameters for all variants
Added Component: Designator=U5(SOP-8)
Add component. Clean all parameters for all variants
Added Component: Designator=U6(WSON8)
Add component. Clean all parameters for all variants
Added Component: Designator=USB(USB_AB - 5S - B)
Add component. Clean all parameters for all variants
Added Component: Designator=WKUP(KEY_SOP3625)
Add component. Clean all parameters for all variants
Added Component: Designator=Y1(XTAL3215)
Add component. Clean all parameters for all variants
Add component (AddParameter): Name = "LatestRevisionDate"; Value = "17-Jul-2002"; VariantName = "[No Variations]"
Add component (AddParameter): Name = "LatestRevisionNote"; Value = "Re-released for DXP Platform."; VariantName = "[No Variations]"
Add component (AddParameter): Name = "Published"; Value = "8-Jun-2000"; VariantName = "[No Variations]"
Add component (AddParameter): Name = "Publisher"; Value = "Altium Limited"; VariantName = "[No Variations]"
Added Component: Designator=Y2(XTAL3225)
Add component. Clean all parameters for all variants
Added Pin To Net: NetName=1WIRE_DQ Pin=J2-4
Added Pin To Net: NetName=1WIRE_DQ Pin=U1-92
Added Net: Name=1WIRE_DQ
Added Pin To Net: NetName=BOOT0 Pin=J1-31
Added Pin To Net: NetName=BOOT0 Pin=R7-1
Added Pin To Net: NetName=BOOT0 Pin=U1-166
Added Net: Name=BOOT0
Added Pin To Net: NetName=DCMI_D0 Pin=J2-16
Added Pin To Net: NetName=DCMI_D0 Pin=U1-115
Added Net: Name=DCMI_D0
Added Pin To Net: NetName=DCMI_D1 Pin=J2-17
Added Pin To Net: NetName=DCMI_D1 Pin=U1-116
Added Net: Name=DCMI_D1
Added Pin To Net: NetName=DCMI_D2 Pin=J2-18
Added Pin To Net: NetName=DCMI_D2 Pin=U1-117
Added Net: Name=DCMI_D2
Added Pin To Net: NetName=DCMI_D3 Pin=J2-19
Added Pin To Net: NetName=DCMI_D3 Pin=U1-118
Added Net: Name=DCMI_D3
Added Pin To Net: NetName=DCMI_D4 Pin=J1-39
Added Pin To Net: NetName=DCMI_D4 Pin=U1-140
Added Net: Name=DCMI_D4
Added Pin To Net: NetName=DCMI_D5 Pin=J1-36
Added Pin To Net: NetName=DCMI_D5 Pin=U1-145
Added Net: Name=DCMI_D5
Added Pin To Net: NetName=DCMI_D6 Pin=J1-26
Added Pin To Net: NetName=DCMI_D6 Pin=U1-167
Added Net: Name=DCMI_D6
Added Pin To Net: NetName=DCMI_D7 Pin=J1-27
Added Pin To Net: NetName=DCMI_D7 Pin=U1-168
Added Net: Name=DCMI_D7
Added Pin To Net: NetName=DCMI_HREF Pin=J2-3
Added Pin To Net: NetName=DCMI_HREF Pin=U1-85
Added Net: Name=DCMI_HREF
Added Pin To Net: NetName=DCMI_PLCK Pin=J1-47
Added Pin To Net: NetName=DCMI_PLCK Pin=U1-52
Added Net: Name=DCMI_PLCK
Added Pin To Net: NetName=DCMI_RESET Pin=J1-25
Added Pin To Net: NetName=DCMI_RESET Pin=J1-41
Added Pin To Net: NetName=DCMI_RESET Pin=U1-138
Added Pin To Net: NetName=DCMI_RESET Pin=U1-165
Added Net: Name=DCMI_RESET
Added Pin To Net: NetName=DCMI_SCL Pin=J1-22
Added Pin To Net: NetName=DCMI_SCL Pin=U1-162
Added Net: Name=DCMI_SCL
Added Pin To Net: NetName=DCMI_SDA Pin=J1-21
Added Pin To Net: NetName=DCMI_SDA Pin=U1-161
Added Net: Name=DCMI_SDA
Added Pin To Net: NetName=DCMI_XCLK Pin=J2-20
Added Pin To Net: NetName=DCMI_XCLK Pin=U1-119
Added Net: Name=DCMI_XCLK
Added Pin To Net: NetName=ETH_MDC Pin=J1-9
Added Pin To Net: NetName=ETH_MDC Pin=U1-33
Added Net: Name=ETH_MDC
Added Pin To Net: NetName=ETH_MDIO Pin=J1-4
Added Pin To Net: NetName=ETH_MDIO Pin=U1-42
Added Net: Name=ETH_MDIO
Added Pin To Net: NetName=FMC_A0 Pin=U1-16
Added Pin To Net: NetName=FMC_A0 Pin=U3-23
Added Net: Name=FMC_A0
Added Pin To Net: NetName=FMC_A1 Pin=U1-17
Added Pin To Net: NetName=FMC_A1 Pin=U3-24
Added Net: Name=FMC_A1
Added Pin To Net: NetName=FMC_A2 Pin=U1-18
Added Pin To Net: NetName=FMC_A2 Pin=U3-25
Added Net: Name=FMC_A2
Added Pin To Net: NetName=FMC_A3 Pin=U1-19
Added Pin To Net: NetName=FMC_A3 Pin=U3-26
Added Net: Name=FMC_A3
Added Pin To Net: NetName=FMC_A4 Pin=U1-20
Added Pin To Net: NetName=FMC_A4 Pin=U3-29
Added Net: Name=FMC_A4
Added Pin To Net: NetName=FMC_A5 Pin=U1-21
Added Pin To Net: NetName=FMC_A5 Pin=U3-30
Added Net: Name=FMC_A5
Added Pin To Net: NetName=FMC_A6 Pin=U1-60
Added Pin To Net: NetName=FMC_A6 Pin=U3-31
Added Net: Name=FMC_A6
Added Pin To Net: NetName=FMC_A7 Pin=U1-63
Added Pin To Net: NetName=FMC_A7 Pin=U3-32
Added Net: Name=FMC_A7
Added Pin To Net: NetName=FMC_A8 Pin=U1-64
Added Pin To Net: NetName=FMC_A8 Pin=U3-33
Added Net: Name=FMC_A8
Added Pin To Net: NetName=FMC_A9 Pin=U1-65
Added Pin To Net: NetName=FMC_A9 Pin=U3-34
Added Net: Name=FMC_A9
Added Pin To Net: NetName=FMC_A10 Pin=U1-66
Added Pin To Net: NetName=FMC_A10 Pin=U3-22
Added Net: Name=FMC_A10
Added Pin To Net: NetName=FMC_A11 Pin=U1-67
Added Pin To Net: NetName=FMC_A11 Pin=U3-35
Added Net: Name=FMC_A11
Added Pin To Net: NetName=FMC_A12 Pin=U1-106
Added Pin To Net: NetName=FMC_A12 Pin=U3-36
Added Net: Name=FMC_A12
Added Pin To Net: NetName=FMC_A16_CLE Pin=J2-23
Added Pin To Net: NetName=FMC_A16_CLE Pin=U1-99
Added Pin To Net: NetName=FMC_A16_CLE Pin=U4-16
Added Net: Name=FMC_A16_CLE
Added Pin To Net: NetName=FMC_A17_ALE Pin=J2-21
Added Pin To Net: NetName=FMC_A17_ALE Pin=U1-100
Added Pin To Net: NetName=FMC_A17_ALE Pin=U4-17
Added Net: Name=FMC_A17_ALE
Added Pin To Net: NetName=FMC_A18 Pin=J2-14
Added Pin To Net: NetName=FMC_A18 Pin=U1-101
Added Net: Name=FMC_A18
Added Pin To Net: NetName=FMC_BA0 Pin=U1-108
Added Pin To Net: NetName=FMC_BA0 Pin=U3-20
Added Net: Name=FMC_BA0
Added Pin To Net: NetName=FMC_BA1 Pin=U1-109
Added Pin To Net: NetName=FMC_BA1 Pin=U3-21
Added Net: Name=FMC_BA1
Added Pin To Net: NetName=FMC_D0 Pin=J2-45
Added Pin To Net: NetName=FMC_D0 Pin=U1-104
Added Pin To Net: NetName=FMC_D0 Pin=U3-2
Added Pin To Net: NetName=FMC_D0 Pin=U4-29
Added Net: Name=FMC_D0
Added Pin To Net: NetName=FMC_D1 Pin=J2-46
Added Pin To Net: NetName=FMC_D1 Pin=U1-105
Added Pin To Net: NetName=FMC_D1 Pin=U3-4
Added Pin To Net: NetName=FMC_D1 Pin=U4-30
Added Net: Name=FMC_D1
Added Pin To Net: NetName=FMC_D2 Pin=J2-47
Added Pin To Net: NetName=FMC_D2 Pin=U1-142
Added Pin To Net: NetName=FMC_D2 Pin=U3-5
Added Pin To Net: NetName=FMC_D2 Pin=U4-31
Added Net: Name=FMC_D2
Added Pin To Net: NetName=FMC_D3 Pin=J2-48
Added Pin To Net: NetName=FMC_D3 Pin=U1-143
Added Pin To Net: NetName=FMC_D3 Pin=U3-7
Added Pin To Net: NetName=FMC_D3 Pin=U4-32
Added Net: Name=FMC_D3
Added Pin To Net: NetName=FMC_D4 Pin=J2-49
Added Pin To Net: NetName=FMC_D4 Pin=U1-68
Added Pin To Net: NetName=FMC_D4 Pin=U3-8
Added Pin To Net: NetName=FMC_D4 Pin=U4-41
Added Net: Name=FMC_D4
Added Pin To Net: NetName=FMC_D5 Pin=J2-50
Added Pin To Net: NetName=FMC_D5 Pin=U1-69
Added Pin To Net: NetName=FMC_D5 Pin=U3-10
Added Pin To Net: NetName=FMC_D5 Pin=U4-42
Added Net: Name=FMC_D5
Added Pin To Net: NetName=FMC_D6 Pin=J2-51
Added Pin To Net: NetName=FMC_D6 Pin=U1-70
Added Pin To Net: NetName=FMC_D6 Pin=U3-11
Added Pin To Net: NetName=FMC_D6 Pin=U4-43
Added Net: Name=FMC_D6
Added Pin To Net: NetName=FMC_D7 Pin=J2-52
Added Pin To Net: NetName=FMC_D7 Pin=U1-73
Added Pin To Net: NetName=FMC_D7 Pin=U3-13
Added Pin To Net: NetName=FMC_D7 Pin=U4-44
Added Net: Name=FMC_D7
Added Pin To Net: NetName=FMC_D8 Pin=J2-53
Added Pin To Net: NetName=FMC_D8 Pin=U1-74
Added Pin To Net: NetName=FMC_D8 Pin=U3-42
Added Net: Name=FMC_D8
Added Pin To Net: NetName=FMC_D9 Pin=J2-54
Added Pin To Net: NetName=FMC_D9 Pin=U1-75
Added Pin To Net: NetName=FMC_D9 Pin=U3-44
Added Net: Name=FMC_D9
Added Pin To Net: NetName=FMC_D10 Pin=J2-55
Added Pin To Net: NetName=FMC_D10 Pin=U1-76
Added Pin To Net: NetName=FMC_D10 Pin=U3-45
Added Net: Name=FMC_D10
Added Pin To Net: NetName=FMC_D11 Pin=J2-56
Added Pin To Net: NetName=FMC_D11 Pin=U1-77
Added Pin To Net: NetName=FMC_D11 Pin=U3-47
Added Net: Name=FMC_D11
Added Pin To Net: NetName=FMC_D12 Pin=J2-57
Added Pin To Net: NetName=FMC_D12 Pin=U1-78
Added Pin To Net: NetName=FMC_D12 Pin=U3-48
Added Net: Name=FMC_D12
Added Pin To Net: NetName=FMC_D13 Pin=J2-58
Added Pin To Net: NetName=FMC_D13 Pin=U1-96
Added Pin To Net: NetName=FMC_D13 Pin=U3-50
Added Net: Name=FMC_D13
Added Pin To Net: NetName=FMC_D14 Pin=J2-59
Added Pin To Net: NetName=FMC_D14 Pin=U1-97
Added Pin To Net: NetName=FMC_D14 Pin=U3-51
Added Net: Name=FMC_D14
Added Pin To Net: NetName=FMC_D15 Pin=J2-60
Added Pin To Net: NetName=FMC_D15 Pin=U1-98
Added Pin To Net: NetName=FMC_D15 Pin=U3-53
Added Net: Name=FMC_D15
Added Pin To Net: NetName=FMC_NBL0 Pin=J2-43
Added Pin To Net: NetName=FMC_NBL0 Pin=U1-169
Added Pin To Net: NetName=FMC_NBL0 Pin=U3-15
Added Net: Name=FMC_NBL0
Added Pin To Net: NetName=FMC_NBL1 Pin=J2-44
Added Pin To Net: NetName=FMC_NBL1 Pin=U1-170
Added Pin To Net: NetName=FMC_NBL1 Pin=U3-39
Added Net: Name=FMC_NBL1
Added Pin To Net: NetName=FMC_NCE3 Pin=R17-2
Added Pin To Net: NetName=FMC_NCE3 Pin=U1-152
Added Pin To Net: NetName=FMC_NCE3 Pin=U4-9
Added Net: Name=FMC_NCE3
Added Pin To Net: NetName=FMC_NE1 Pin=J1-35
Added Pin To Net: NetName=FMC_NE1 Pin=U1-151
Added Net: Name=FMC_NE1
Added Pin To Net: NetName=FMC_NOE Pin=J2-26
Added Pin To Net: NetName=FMC_NOE Pin=U1-146
Added Pin To Net: NetName=FMC_NOE Pin=U4-8
Added Net: Name=FMC_NOE
Added Pin To Net: NetName=FMC_NWAIT Pin=J2-27
Added Pin To Net: NetName=FMC_NWAIT Pin=U1-150
Added Pin To Net: NetName=FMC_NWAIT Pin=U4-7
Added Net: Name=FMC_NWAIT
Added Pin To Net: NetName=FMC_NWE Pin=J2-22
Added Pin To Net: NetName=FMC_NWE Pin=U1-147
Added Pin To Net: NetName=FMC_NWE Pin=U4-18
Added Net: Name=FMC_NWE
Added Pin To Net: NetName=FMC_SDCKE0 Pin=U1-35
Added Pin To Net: NetName=FMC_SDCKE0 Pin=U3-37
Added Net: Name=FMC_SDCKE0
Added Pin To Net: NetName=FMC_SDCLK Pin=U1-112
Added Pin To Net: NetName=FMC_SDCLK Pin=U3-38
Added Net: Name=FMC_SDCLK
Added Pin To Net: NetName=FMC_SDNCAS Pin=U1-160
Added Pin To Net: NetName=FMC_SDNCAS Pin=U3-17
Added Net: Name=FMC_SDNCAS
Added Pin To Net: NetName=FMC_SDNE0 Pin=R19-2
Added Pin To Net: NetName=FMC_SDNE0 Pin=U1-34
Added Pin To Net: NetName=FMC_SDNE0 Pin=U3-19
Added Net: Name=FMC_SDNE0
Added Pin To Net: NetName=FMC_SDNRAS Pin=U1-59
Added Pin To Net: NetName=FMC_SDNRAS Pin=U3-18
Added Net: Name=FMC_SDNRAS
Added Pin To Net: NetName=FMC_SDNWE Pin=U1-32
Added Pin To Net: NetName=FMC_SDNWE Pin=U3-16
Added Net: Name=FMC_SDNWE
Added Pin To Net: NetName=GBC_KEY Pin=J1-15
Added Pin To Net: NetName=GBC_KEY Pin=U1-13
Added Net: Name=GBC_KEY
Added Pin To Net: NetName=GBC_LED Pin=J1-45
Added Pin To Net: NetName=GBC_LED Pin=U1-50
Added Net: Name=GBC_LED
Added Pin To Net: NetName=GND Pin=C1-2
Added Pin To Net: NetName=GND Pin=C2-1
Added Pin To Net: NetName=GND Pin=C3-2
Added Pin To Net: NetName=GND Pin=C4-1
Added Pin To Net: NetName=GND Pin=C5-2
Added Pin To Net: NetName=GND Pin=C6-1
Added Pin To Net: NetName=GND Pin=C7-1
Added Pin To Net: NetName=GND Pin=C8-1
Added Pin To Net: NetName=GND Pin=C9-1
Added Pin To Net: NetName=GND Pin=C10-1
Added Pin To Net: NetName=GND Pin=C11-1
Added Pin To Net: NetName=GND Pin=C12-2
Added Pin To Net: NetName=GND Pin=C13-1
Added Pin To Net: NetName=GND Pin=C14-1
Added Pin To Net: NetName=GND Pin=C15-1
Added Pin To Net: NetName=GND Pin=C16-1
Added Pin To Net: NetName=GND Pin=C17-1
Added Pin To Net: NetName=GND Pin=C18-1
Added Pin To Net: NetName=GND Pin=C19-1
Added Pin To Net: NetName=GND Pin=C20-1
Added Pin To Net: NetName=GND Pin=C21-1
Added Pin To Net: NetName=GND Pin=C22-1
Added Pin To Net: NetName=GND Pin=C23-1
Added Pin To Net: NetName=GND Pin=C24-1
Added Pin To Net: NetName=GND Pin=C25-1
Added Pin To Net: NetName=GND Pin=C26-1
Added Pin To Net: NetName=GND Pin=C27-1
Added Pin To Net: NetName=GND Pin=C28-1
Added Pin To Net: NetName=GND Pin=C29-1
Added Pin To Net: NetName=GND Pin=C30-1
Added Pin To Net: NetName=GND Pin=C31-1
Added Pin To Net: NetName=GND Pin=C32-1
Added Pin To Net: NetName=GND Pin=C33-2
Added Pin To Net: NetName=GND Pin=C34-2
Added Pin To Net: NetName=GND Pin=C35-1
Added Pin To Net: NetName=GND Pin=C36-1
Added Pin To Net: NetName=GND Pin=C37-1
Added Pin To Net: NetName=GND Pin=C38-1
Added Pin To Net: NetName=GND Pin=C39-1
Added Pin To Net: NetName=GND Pin=C40-1
Added Pin To Net: NetName=GND Pin=C41-1
Added Pin To Net: NetName=GND Pin=C42-1
Added Pin To Net: NetName=GND Pin=C43-1
Added Pin To Net: NetName=GND Pin=C44-2
Added Pin To Net: NetName=GND Pin=C45-2
Added Pin To Net: NetName=GND Pin=GND-1
Added Pin To Net: NetName=GND Pin=J1-1
Added Pin To Net: NetName=GND Pin=J1-30
Added Pin To Net: NetName=GND Pin=J2-31
Added Pin To Net: NetName=GND Pin=J3-3
Added Pin To Net: NetName=GND Pin=J3-4
Added Pin To Net: NetName=GND Pin=J3-5
Added Pin To Net: NetName=GND Pin=J3-11
Added Pin To Net: NetName=GND Pin=J3-12
Added Pin To Net: NetName=GND Pin=J3-13
Added Pin To Net: NetName=GND Pin=J3-20
Added Pin To Net: NetName=GND Pin=J3-21
Added Pin To Net: NetName=GND Pin=J3-22
Added Pin To Net: NetName=GND Pin=J3-23
Added Pin To Net: NetName=GND Pin=J3-29
Added Pin To Net: NetName=GND Pin=J3-A
Added Pin To Net: NetName=GND Pin=J3-B
Added Pin To Net: NetName=GND Pin=P1-1
Added Pin To Net: NetName=GND Pin=P2-3
Added Pin To Net: NetName=GND Pin=PWR-2
Added Pin To Net: NetName=GND Pin=R1-2
Added Pin To Net: NetName=GND Pin=R4-2
Added Pin To Net: NetName=GND Pin=R7-2
Added Pin To Net: NetName=GND Pin=R14-1
Added Pin To Net: NetName=GND Pin=RST-2
Added Pin To Net: NetName=GND Pin=U1-14
Added Pin To Net: NetName=GND Pin=U1-22
Added Pin To Net: NetName=GND Pin=U1-37
Added Pin To Net: NetName=GND Pin=U1-61
Added Pin To Net: NetName=GND Pin=U1-71
Added Pin To Net: NetName=GND Pin=U1-90
Added Pin To Net: NetName=GND Pin=U1-102
Added Pin To Net: NetName=GND Pin=U1-113
Added Pin To Net: NetName=GND Pin=U1-126
Added Pin To Net: NetName=GND Pin=U1-135
Added Pin To Net: NetName=GND Pin=U1-148
Added Pin To Net: NetName=GND Pin=U1-158
Added Pin To Net: NetName=GND Pin=U2-2
Added Pin To Net: NetName=GND Pin=U3-6
Added Pin To Net: NetName=GND Pin=U3-12
Added Pin To Net: NetName=GND Pin=U3-28
Added Pin To Net: NetName=GND Pin=U3-41
Added Pin To Net: NetName=GND Pin=U3-46
Added Pin To Net: NetName=GND Pin=U3-52
Added Pin To Net: NetName=GND Pin=U3-54
Added Pin To Net: NetName=GND Pin=U4-13
Added Pin To Net: NetName=GND Pin=U4-36
Added Pin To Net: NetName=GND Pin=U5-1
Added Pin To Net: NetName=GND Pin=U5-2
Added Pin To Net: NetName=GND Pin=U5-3
Added Pin To Net: NetName=GND Pin=U5-4
Added Pin To Net: NetName=GND Pin=U5-7
Added Pin To Net: NetName=GND Pin=U6-4
Added Pin To Net: NetName=GND Pin=USB-5
Added Pin To Net: NetName=GND Pin=USB-6
Added Pin To Net: NetName=GND Pin=USB-7
Added Pin To Net: NetName=GND Pin=USB-8
Added Pin To Net: NetName=GND Pin=USB-9
Added Pin To Net: NetName=GND Pin=USB-9
Added Pin To Net: NetName=GND Pin=Y2-2
Added Pin To Net: NetName=GND Pin=Y2-4
Added Net: Name=GND
Added Pin To Net: NetName=IIC_SCL Pin=J1-8
Added Pin To Net: NetName=IIC_SCL Pin=R20-1
Added Pin To Net: NetName=IIC_SCL Pin=U1-45
Added Pin To Net: NetName=IIC_SCL Pin=U5-6
Added Net: Name=IIC_SCL
Added Pin To Net: NetName=IIC_SDA Pin=J1-7
Added Pin To Net: NetName=IIC_SDA Pin=R21-1
Added Pin To Net: NetName=IIC_SDA Pin=U1-46
Added Pin To Net: NetName=IIC_SDA Pin=U5-5
Added Net: Name=IIC_SDA
Added Pin To Net: NetName=JTCK Pin=J1-42
Added Pin To Net: NetName=JTCK Pin=P1-2
Added Pin To Net: NetName=JTCK Pin=U1-137
Added Net: Name=JTCK
Added Pin To Net: NetName=JTMS Pin=J1-43
Added Pin To Net: NetName=JTMS Pin=P1-3
Added Pin To Net: NetName=JTMS Pin=U1-124
Added Net: Name=JTMS
Added Pin To Net: NetName=KEY0 Pin=J1-6
Added Pin To Net: NetName=KEY0 Pin=U1-44
Added Net: Name=KEY0
Added Pin To Net: NetName=KEY1 Pin=J1-5
Added Pin To Net: NetName=KEY1 Pin=U1-43
Added Net: Name=KEY1
Added Pin To Net: NetName=KEY2 Pin=J1-28
Added Pin To Net: NetName=KEY2 Pin=U1-8
Added Net: Name=KEY2
Added Pin To Net: NetName=LCD_B3 Pin=J2-35
Added Pin To Net: NetName=LCD_B3 Pin=J3-24
Added Pin To Net: NetName=LCD_B3 Pin=U1-154
Added Net: Name=LCD_B3
Added Pin To Net: NetName=LCD_B4 Pin=J2-36
Added Pin To Net: NetName=LCD_B4 Pin=J3-25
Added Pin To Net: NetName=LCD_B4 Pin=U1-173
Added Net: Name=LCD_B4
Added Pin To Net: NetName=LCD_B5 Pin=J2-37
Added Pin To Net: NetName=LCD_B5 Pin=J3-26
Added Pin To Net: NetName=LCD_B5 Pin=U1-174
Added Net: Name=LCD_B5
Added Pin To Net: NetName=LCD_B6 Pin=J2-38
Added Pin To Net: NetName=LCD_B6 Pin=J3-27
Added Pin To Net: NetName=LCD_B6 Pin=U1-175
Added Net: Name=LCD_B6
Added Pin To Net: NetName=LCD_B7 Pin=J2-39
Added Pin To Net: NetName=LCD_B7 Pin=J3-28
Added Pin To Net: NetName=LCD_B7 Pin=U1-176
Added Net: Name=LCD_B7
Added Pin To Net: NetName=LCD_BL Pin=J1-23
Added Pin To Net: NetName=LCD_BL Pin=J3-34
Added Pin To Net: NetName=LCD_BL Pin=U1-163
Added Net: Name=LCD_BL
Added Pin To Net: NetName=LCD_CLK Pin=J3-30
Added Pin To Net: NetName=LCD_CLK Pin=U1-111
Added Net: Name=LCD_CLK
Added Pin To Net: NetName=LCD_DE Pin=J3-33
Added Pin To Net: NetName=LCD_DE Pin=U1-28
Added Net: Name=LCD_DE
Added Pin To Net: NetName=LCD_G2 Pin=J2-30
Added Pin To Net: NetName=LCD_G2 Pin=J3-14
Added Pin To Net: NetName=LCD_G2 Pin=U1-128
Added Net: Name=LCD_G2
Added Pin To Net: NetName=LCD_G3 Pin=J2-29
Added Pin To Net: NetName=LCD_G3 Pin=J3-15
Added Pin To Net: NetName=LCD_G3 Pin=U1-129
Added Net: Name=LCD_G3
Added Pin To Net: NetName=LCD_G4 Pin=J2-28
Added Pin To Net: NetName=LCD_G4 Pin=J3-16
Added Pin To Net: NetName=LCD_G4 Pin=U1-130
Added Net: Name=LCD_G4
Added Pin To Net: NetName=LCD_G5 Pin=J2-34
Added Pin To Net: NetName=LCD_G5 Pin=J3-17
Added Pin To Net: NetName=LCD_G5 Pin=U1-131
Added Net: Name=LCD_G5
Added Pin To Net: NetName=LCD_G6 Pin=J2-33
Added Pin To Net: NetName=LCD_G6 Pin=J3-18
Added Pin To Net: NetName=LCD_G6 Pin=U1-132
Added Net: Name=LCD_G6
Added Pin To Net: NetName=LCD_G7 Pin=J2-32
Added Pin To Net: NetName=LCD_G7 Pin=J3-19
Added Pin To Net: NetName=LCD_G7 Pin=U1-133
Added Net: Name=LCD_G7
Added Pin To Net: NetName=LCD_HSYNC Pin=J3-31
Added Pin To Net: NetName=LCD_HSYNC Pin=U1-12
Added Net: Name=LCD_HSYNC
Added Pin To Net: NetName=LCD_R3 Pin=J2-10
Added Pin To Net: NetName=LCD_R3 Pin=J3-6
Added Pin To Net: NetName=LCD_R3 Pin=U1-86
Added Net: Name=LCD_R3
Added Pin To Net: NetName=LCD_R4 Pin=J2-11
Added Pin To Net: NetName=LCD_R4 Pin=J3-7
Added Pin To Net: NetName=LCD_R4 Pin=U1-87
Added Net: Name=LCD_R4
Added Pin To Net: NetName=LCD_R5 Pin=J2-12
Added Pin To Net: NetName=LCD_R5 Pin=J3-8
Added Pin To Net: NetName=LCD_R5 Pin=U1-88
Added Net: Name=LCD_R5
Added Pin To Net: NetName=LCD_R6 Pin=J2-24
Added Pin To Net: NetName=LCD_R6 Pin=J3-9
Added Pin To Net: NetName=LCD_R6 Pin=U1-89
Added Net: Name=LCD_R6
Added Pin To Net: NetName=LCD_R7 Pin=J2-15
Added Pin To Net: NetName=LCD_R7 Pin=J3-10
Added Pin To Net: NetName=LCD_R7 Pin=U1-110
Added Net: Name=LCD_R7
Added Pin To Net: NetName=LCD_VSYNC Pin=J3-32
Added Pin To Net: NetName=LCD_VSYNC Pin=U1-11
Added Net: Name=LCD_VSYNC
Added Pin To Net: NetName=LED0 Pin=DS0-2
Added Pin To Net: NetName=LED0 Pin=J1-57
Added Pin To Net: NetName=LED0 Pin=U1-57
Added Net: Name=LED0
Added Pin To Net: NetName=LED1 Pin=J1-56
Added Pin To Net: NetName=LED1 Pin=U1-56
Added Net: Name=LED1
Added Pin To Net: NetName=NetC1_1 Pin=C1-1
Added Pin To Net: NetName=NetC1_1 Pin=D1-3
Added Pin To Net: NetName=NetC1_1 Pin=U1-6
Added Net: Name=NetC1_1
Added Pin To Net: NetName=NetC2_2 Pin=C2-2
Added Pin To Net: NetName=NetC2_2 Pin=C4-2
Added Pin To Net: NetName=NetC2_2 Pin=R2-1
Added Pin To Net: NetName=NetC2_2 Pin=U1-38
Added Net: Name=NetC2_2
Added Pin To Net: NetName=NetC3_1 Pin=C3-1
Added Pin To Net: NetName=NetC3_1 Pin=U1-81
Added Net: Name=NetC3_1
Added Pin To Net: NetName=NetC5_1 Pin=C5-1
Added Pin To Net: NetName=NetC5_1 Pin=U1-125
Added Net: Name=NetC5_1
Added Pin To Net: NetName=NetC8_2 Pin=C8-2
Added Pin To Net: NetName=NetC8_2 Pin=U1-9
Added Pin To Net: NetName=NetC8_2 Pin=Y1-1
Added Net: Name=NetC8_2
Added Pin To Net: NetName=NetC9_2 Pin=C9-2
Added Pin To Net: NetName=NetC9_2 Pin=U1-10
Added Pin To Net: NetName=NetC9_2 Pin=Y1-2
Added Net: Name=NetC9_2
Added Pin To Net: NetName=NetC10_2 Pin=C10-2
Added Pin To Net: NetName=NetC10_2 Pin=U1-30
Added Pin To Net: NetName=NetC10_2 Pin=Y2-1
Added Net: Name=NetC10_2
Added Pin To Net: NetName=NetC11_2 Pin=C11-2
Added Pin To Net: NetName=NetC11_2 Pin=U1-29
Added Pin To Net: NetName=NetC11_2 Pin=Y2-3
Added Net: Name=NetC11_2
Added Pin To Net: NetName=NetC28_2 Pin=C28-2
Added Pin To Net: NetName=NetC28_2 Pin=J3-1
Added Net: Name=NetC28_2
Added Pin To Net: NetName=NetC29_2 Pin=C29-2
Added Pin To Net: NetName=NetC29_2 Pin=F1-2
Added Pin To Net: NetName=NetC29_2 Pin=U2-1
Added Pin To Net: NetName=NetC29_2 Pin=U2-3
Added Net: Name=NetC29_2
Added Pin To Net: NetName=NetC30_2 Pin=C30-2
Added Pin To Net: NetName=NetC30_2 Pin=U2-4
Added Net: Name=NetC30_2
Added Pin To Net: NetName=NetC35_2 Pin=C35-2
Added Pin To Net: NetName=NetC35_2 Pin=C36-2
Added Pin To Net: NetName=NetC35_2 Pin=R16-1
Added Pin To Net: NetName=NetC35_2 Pin=U4-12
Added Pin To Net: NetName=NetC35_2 Pin=U4-37
Added Net: Name=NetC35_2
Added Pin To Net: NetName=NetDS0_1 Pin=DS0-1
Added Pin To Net: NetName=NetDS0_1 Pin=R10-2
Added Net: Name=NetDS0_1
Added Pin To Net: NetName=NetMOS1_1 Pin=MOS1-1
Added Pin To Net: NetName=NetMOS1_1 Pin=R13-2
Added Pin To Net: NetName=NetMOS1_1 Pin=R14-2
Added Net: Name=NetMOS1_1
Added Pin To Net: NetName=NetPWR_1 Pin=PWR-1
Added Pin To Net: NetName=NetPWR_1 Pin=R15-1
Added Net: Name=NetPWR_1
Added Pin To Net: NetName=NetR1_1 Pin=R1-1
Added Pin To Net: NetName=NetR1_1 Pin=U1-48
Added Net: Name=NetR1_1
Added Pin To Net: NetName=NetR4_1 Pin=R4-1
Added Pin To Net: NetName=NetR4_1 Pin=R5-1
Added Pin To Net: NetName=NetR4_1 Pin=U1-171
Added Net: Name=NetR4_1
Added Pin To Net: NetName=NetR11_2 Pin=R11-2
Added Pin To Net: NetName=NetR11_2 Pin=USB-3
Added Net: Name=NetR11_2
Added Pin To Net: NetName=NetR12_2 Pin=R12-2
Added Pin To Net: NetName=NetR12_2 Pin=USB-2
Added Net: Name=NetR12_2
Added Pin To Net: NetName=NetR18_1 Pin=R18-1
Added Pin To Net: NetName=NetR18_1 Pin=U4-19
Added Net: Name=NetR18_1
Added Pin To Net: NetName=NRF_CE Pin=J2-25
Added Pin To Net: NetName=NRF_CE Pin=U1-155
Added Net: Name=NRF_CE
Added Pin To Net: NetName=NRF_CS Pin=U1-153
Added Net: Name=NRF_CS
Added Pin To Net: NetName=PA0 Pin=J2-42
Added Pin To Net: NetName=PA0 Pin=U1-40
Added Pin To Net: NetName=PA0 Pin=WKUP-1
Added Net: Name=PA0
Added Pin To Net: NetName=PA1 Pin=J1-3
Added Pin To Net: NetName=PA1 Pin=U1-41
Added Net: Name=PA1
Added Pin To Net: NetName=PA3 Pin=J1-44
Added Pin To Net: NetName=PA3 Pin=U1-47
Added Net: Name=PA3
Added Pin To Net: NetName=PA5 Pin=J1-46
Added Pin To Net: NetName=PA5 Pin=U1-51
Added Net: Name=PA5
Added Pin To Net: NetName=PA7 Pin=J1-48
Added Pin To Net: NetName=PA7 Pin=U1-53
Added Net: Name=PA7
Added Pin To Net: NetName=PA9 Pin=J1-51
Added Pin To Net: NetName=PA9 Pin=P2-1
Added Pin To Net: NetName=PA9 Pin=U1-120
Added Net: Name=PA9
Added Pin To Net: NetName=PA10 Pin=J1-52
Added Pin To Net: NetName=PA10 Pin=P2-2
Added Pin To Net: NetName=PA10 Pin=U1-121
Added Net: Name=PA10
Added Pin To Net: NetName=PA11 Pin=J1-53
Added Pin To Net: NetName=PA11 Pin=R11-1
Added Pin To Net: NetName=PA11 Pin=U1-122
Added Net: Name=PA11
Added Pin To Net: NetName=PA12 Pin=J1-54
Added Pin To Net: NetName=PA12 Pin=R12-1
Added Pin To Net: NetName=PA12 Pin=U1-123
Added Net: Name=PA12
Added Pin To Net: NetName=PB2 Pin=J1-55
Added Pin To Net: NetName=PB2 Pin=U1-58
Added Pin To Net: NetName=PB2 Pin=U6-6
Added Net: Name=PB2
Added Pin To Net: NetName=PB6 Pin=J1-24
Added Pin To Net: NetName=PB6 Pin=U1-164
Added Pin To Net: NetName=PB6 Pin=U6-1
Added Net: Name=PB6
Added Pin To Net: NetName=PB10 Pin=J1-34
Added Pin To Net: NetName=PB10 Pin=J2-2
Added Pin To Net: NetName=PB10 Pin=U1-79
Added Net: Name=PB10
Added Pin To Net: NetName=PB11 Pin=J2-1
Added Pin To Net: NetName=PB11 Pin=U1-80
Added Net: Name=PB11
Added Pin To Net: NetName=PB13 Pin=J2-5
Added Pin To Net: NetName=PB13 Pin=U1-93
Added Net: Name=PB13
Added Pin To Net: NetName=PB14 Pin=J2-6
Added Pin To Net: NetName=PB14 Pin=U1-94
Added Net: Name=PB14
Added Pin To Net: NetName=PB15 Pin=J2-7
Added Pin To Net: NetName=PB15 Pin=U1-95
Added Net: Name=PB15
Added Pin To Net: NetName=PC4 Pin=J1-49
Added Pin To Net: NetName=PC4 Pin=U1-54
Added Net: Name=PC4
Added Pin To Net: NetName=PC5 Pin=J1-50
Added Pin To Net: NetName=PC5 Pin=U1-55
Added Net: Name=PC5
Added Pin To Net: NetName=PC10 Pin=J1-40
Added Pin To Net: NetName=PC10 Pin=U1-139
Added Net: Name=PC10
Added Pin To Net: NetName=PC12 Pin=J1-38
Added Pin To Net: NetName=PC12 Pin=U1-141
Added Net: Name=PC12
Added Pin To Net: NetName=PD2 Pin=J1-37
Added Pin To Net: NetName=PD2 Pin=U1-144
Added Net: Name=PD2
Added Pin To Net: NetName=PE2 Pin=J1-20
Added Pin To Net: NetName=PE2 Pin=U1-1
Added Net: Name=PE2
Added Pin To Net: NetName=PE3 Pin=J1-19
Added Pin To Net: NetName=PE3 Pin=U1-2
Added Net: Name=PE3
Added Pin To Net: NetName=PE4 Pin=J1-18
Added Pin To Net: NetName=PE4 Pin=U1-3
Added Net: Name=PE4
Added Pin To Net: NetName=PE5 Pin=J1-17
Added Pin To Net: NetName=PE5 Pin=U1-4
Added Net: Name=PE5
Added Pin To Net: NetName=PE6 Pin=J1-16
Added Pin To Net: NetName=PE6 Pin=U1-5
Added Net: Name=PE6
Added Pin To Net: NetName=PF6 Pin=J1-14
Added Pin To Net: NetName=PF6 Pin=U1-24
Added Pin To Net: NetName=PF6 Pin=U6-7
Added Net: Name=PF6
Added Pin To Net: NetName=PF7 Pin=J1-13
Added Pin To Net: NetName=PF7 Pin=U1-25
Added Pin To Net: NetName=PF7 Pin=U6-3
Added Net: Name=PF7
Added Pin To Net: NetName=PF8 Pin=J1-12
Added Pin To Net: NetName=PF8 Pin=U1-26
Added Pin To Net: NetName=PF8 Pin=U6-5
Added Net: Name=PF8
Added Pin To Net: NetName=PF9 Pin=J1-11
Added Pin To Net: NetName=PF9 Pin=U1-27
Added Pin To Net: NetName=PF9 Pin=U6-2
Added Net: Name=PF9
Added Pin To Net: NetName=PG3 Pin=J2-13
Added Pin To Net: NetName=PG3 Pin=J3-37
Added Pin To Net: NetName=PG3 Pin=U1-107
Added Net: Name=PG3
Added Pin To Net: NetName=PG13 Pin=J1-33
Added Pin To Net: NetName=PG13 Pin=U1-156
Added Net: Name=PG13
Added Pin To Net: NetName=PG14 Pin=J1-32
Added Pin To Net: NetName=PG14 Pin=U1-157
Added Net: Name=PG14
Added Pin To Net: NetName=PH6 Pin=J2-8
Added Pin To Net: NetName=PH6 Pin=J3-38
Added Pin To Net: NetName=PH6 Pin=U1-83
Added Net: Name=PH6
Added Pin To Net: NetName=PH7 Pin=J2-9
Added Pin To Net: NetName=PH7 Pin=J3-39
Added Pin To Net: NetName=PH7 Pin=U1-84
Added Net: Name=PH7
Added Pin To Net: NetName=PI3 Pin=J2-41
Added Pin To Net: NetName=PI3 Pin=J3-36
Added Pin To Net: NetName=PI3 Pin=U1-134
Added Net: Name=PI3
Added Pin To Net: NetName=PI8 Pin=J2-40
Added Pin To Net: NetName=PI8 Pin=J3-35
Added Pin To Net: NetName=PI8 Pin=U1-7
Added Net: Name=PI8
Added Pin To Net: NetName=RESET Pin=C12-1
Added Pin To Net: NetName=RESET Pin=J1-10
Added Pin To Net: NetName=RESET Pin=J3-40
Added Pin To Net: NetName=RESET Pin=P1-5
Added Pin To Net: NetName=RESET Pin=R6-1
Added Pin To Net: NetName=RESET Pin=RST-1
Added Pin To Net: NetName=RESET Pin=U1-31
Added Net: Name=RESET
Added Pin To Net: NetName=VBAT Pin=D1-2
Added Pin To Net: NetName=VBAT Pin=J1-29
Added Net: Name=VBAT
Added Pin To Net: NetName=VCC3.3M Pin=C13-2
Added Pin To Net: NetName=VCC3.3M Pin=C14-2
Added Pin To Net: NetName=VCC3.3M Pin=C15-2
Added Pin To Net: NetName=VCC3.3M Pin=C16-2
Added Pin To Net: NetName=VCC3.3M Pin=C17-2
Added Pin To Net: NetName=VCC3.3M Pin=C18-2
Added Pin To Net: NetName=VCC3.3M Pin=C19-2
Added Pin To Net: NetName=VCC3.3M Pin=C20-2
Added Pin To Net: NetName=VCC3.3M Pin=C21-2
Added Pin To Net: NetName=VCC3.3M Pin=C22-2
Added Pin To Net: NetName=VCC3.3M Pin=C23-2
Added Pin To Net: NetName=VCC3.3M Pin=C24-2
Added Pin To Net: NetName=VCC3.3M Pin=C25-2
Added Pin To Net: NetName=VCC3.3M Pin=C26-2
Added Pin To Net: NetName=VCC3.3M Pin=C27-2
Added Pin To Net: NetName=VCC3.3M Pin=D1-1
Added Pin To Net: NetName=VCC3.3M Pin=R3-2
Added Pin To Net: NetName=VCC3.3M Pin=R5-2
Added Pin To Net: NetName=VCC3.3M Pin=R8-2
Added Pin To Net: NetName=VCC3.3M Pin=R9-2
Added Pin To Net: NetName=VCC3.3M Pin=U1-15
Added Pin To Net: NetName=VCC3.3M Pin=U1-23
Added Pin To Net: NetName=VCC3.3M Pin=U1-36
Added Pin To Net: NetName=VCC3.3M Pin=U1-49
Added Pin To Net: NetName=VCC3.3M Pin=U1-62
Added Pin To Net: NetName=VCC3.3M Pin=U1-72
Added Pin To Net: NetName=VCC3.3M Pin=U1-82
Added Pin To Net: NetName=VCC3.3M Pin=U1-91
Added Pin To Net: NetName=VCC3.3M Pin=U1-103
Added Pin To Net: NetName=VCC3.3M Pin=U1-114
Added Pin To Net: NetName=VCC3.3M Pin=U1-127
Added Pin To Net: NetName=VCC3.3M Pin=U1-136
Added Pin To Net: NetName=VCC3.3M Pin=U1-149
Added Pin To Net: NetName=VCC3.3M Pin=U1-159
Added Pin To Net: NetName=VCC3.3M Pin=U1-172
Added Net: Name=VCC3.3M
Added Pin To Net: NetName=VCC3.3 Pin=3.3V-1
Added Pin To Net: NetName=VCC3.3 Pin=C31-2
Added Pin To Net: NetName=VCC3.3 Pin=C32-2
Added Pin To Net: NetName=VCC3.3 Pin=C37-2
Added Pin To Net: NetName=VCC3.3 Pin=C38-2
Added Pin To Net: NetName=VCC3.3 Pin=C39-2
Added Pin To Net: NetName=VCC3.3 Pin=C40-2
Added Pin To Net: NetName=VCC3.3 Pin=C41-2
Added Pin To Net: NetName=VCC3.3 Pin=C42-2
Added Pin To Net: NetName=VCC3.3 Pin=C43-2
Added Pin To Net: NetName=VCC3.3 Pin=C44-1
Added Pin To Net: NetName=VCC3.3 Pin=C45-1
Added Pin To Net: NetName=VCC3.3 Pin=MOS1-2
Added Pin To Net: NetName=VCC3.3 Pin=P1-4
Added Pin To Net: NetName=VCC3.3 Pin=R6-2
Added Pin To Net: NetName=VCC3.3 Pin=R8-1
Added Pin To Net: NetName=VCC3.3 Pin=R9-1
Added Pin To Net: NetName=VCC3.3 Pin=R17-1
Added Pin To Net: NetName=VCC3.3 Pin=R18-2
Added Pin To Net: NetName=VCC3.3 Pin=R19-1
Added Pin To Net: NetName=VCC3.3 Pin=U2-5
Added Pin To Net: NetName=VCC3.3 Pin=U3-1
Added Pin To Net: NetName=VCC3.3 Pin=U3-3
Added Pin To Net: NetName=VCC3.3 Pin=U3-9
Added Pin To Net: NetName=VCC3.3 Pin=U3-14
Added Pin To Net: NetName=VCC3.3 Pin=U3-27
Added Pin To Net: NetName=VCC3.3 Pin=U3-43
Added Pin To Net: NetName=VCC3.3 Pin=U3-49
Added Pin To Net: NetName=VCC3.3 Pin=U5-8
Added Pin To Net: NetName=VCC3.3 Pin=U6-8
Added Pin To Net: NetName=VCC3.3 Pin=WKUP-2
Added Net: Name=VCC3.3
Added Pin To Net: NetName=VCC5 Pin=5V-1
Added Pin To Net: NetName=VCC5 Pin=C33-1
Added Pin To Net: NetName=VCC5 Pin=F1-1
Added Pin To Net: NetName=VCC5 Pin=J1-58
Added Pin To Net: NetName=VCC5 Pin=J1-59
Added Pin To Net: NetName=VCC5 Pin=J1-60
Added Pin To Net: NetName=VCC5 Pin=J3-2
Added Pin To Net: NetName=VCC5 Pin=USB-1
Added Net: Name=VCC5
Added Pin To Net: NetName=VCC_LED Pin=C34-1
Added Pin To Net: NetName=VCC_LED Pin=MOS1-3
Added Pin To Net: NetName=VCC_LED Pin=R10-1
Added Pin To Net: NetName=VCC_LED Pin=R15-2
Added Net: Name=VCC_LED
Added Pin To Net: NetName=VCC Pin=R16-2
Added Pin To Net: NetName=VCC Pin=R20-2
Added Pin To Net: NetName=VCC Pin=R21-2
Added Net: Name=VCC
Added Pin To Net: NetName=VDDA Pin=C6-2
Added Pin To Net: NetName=VDDA Pin=C7-2
Added Pin To Net: NetName=VDDA Pin=R2-2
Added Pin To Net: NetName=VDDA Pin=R3-1
Added Pin To Net: NetName=VDDA Pin=U1-39
Added Net: Name=VDDA
Added Pin To Net: NetName=VREF+ Pin=J1-2
Added Pin To Net: NetName=VREF+ Pin=R13-1
Added Net: Name=VREF+
Added Class: Name=circuit
Added Class: Name=mem
Added Class: Name=stm
Added Room: Name=circuit
Added Room: Name=mem
Added Room: Name=stm
