Removed Member From Class: ClassName=infra&stlink Member=
Added Component: Designator=U5(Edge Connector7)
Add component. Clean all parameters for all variants
Added Pin To Net: NetName=VCC3.3 Pin=U5-1
Added Pin To Net: NetName=SPI_SCK Pin=U5-2
Added Pin To Net: NetName=SPI_MISO Pin=U5-3
Added Pin To Net: NetName=SPI_MOSI Pin=U5-4
Added Pin To Net: NetName=SPI_NCS Pin=U5-5
Added Pin To Net: NetName=SPI_RESET Pin=U5-6
Added Pin To Net: NetName=GND Pin=U5-7
Added Member To Class: ClassName=infra&stlink Member=Component BOOT
Added Member To Class: ClassName=infra&stlink Member=Component C1 104
Added Member To Class: ClassName=infra&stlink Member=Component C2 104
Added Member To Class: ClassName=infra&stlink Member=Component C3 220uF
Added Member To Class: ClassName=infra&stlink Member=Component C4 104
Added Member To Class: ClassName=infra&stlink Member=Component C5 6pF
Added Member To Class: ClassName=infra&stlink Member=Component C6 104
Added Member To Class: ClassName=infra&stlink Member=Component C7 104
Added Member To Class: ClassName=infra&stlink Member=Component C8 104
Added Member To Class: ClassName=infra&stlink Member=Component C9 104
Added Member To Class: ClassName=infra&stlink Member=Component C10 104
Added Member To Class: ClassName=infra&stlink Member=Component C11 104
Added Member To Class: ClassName=infra&stlink Member=Component C12 104
Added Member To Class: ClassName=infra&stlink Member=Component C13 104
Added Member To Class: ClassName=infra&stlink Member=Component C14 104
Added Member To Class: ClassName=infra&stlink Member=Component C15 104
Added Member To Class: ClassName=infra&stlink Member=Component JTAG
Added Member To Class: ClassName=infra&stlink Member=Component K1 BUTTON
Added Member To Class: ClassName=infra&stlink Member=Component M1 STM32F4&F7_CB
Added Member To Class: ClassName=infra&stlink Member=Component P1 VREF_SEL
Added Member To Class: ClassName=infra&stlink Member=Component P2 PWM
Added Member To Class: ClassName=infra&stlink Member=Component P3 OV5640
Added Member To Class: ClassName=infra&stlink Member=Component R1 0R
Added Member To Class: ClassName=infra&stlink Member=Component R2 10K
Added Member To Class: ClassName=infra&stlink Member=Component R3 10K
Added Member To Class: ClassName=infra&stlink Member=Component R4 10K
Added Member To Class: ClassName=infra&stlink Member=Component R5 10K
Added Member To Class: ClassName=infra&stlink Member=Component R6 10K
Added Member To Class: ClassName=infra&stlink Member=Component R7 10K
Added Member To Class: ClassName=infra&stlink Member=Component R8 10K
Added Member To Class: ClassName=infra&stlink Member=Component R9 47K
Added Member To Class: ClassName=infra&stlink Member=Component R10 47K
Added Member To Class: ClassName=infra&stlink Member=Component R11 47K
Added Member To Class: ClassName=infra&stlink Member=Component R12 47K
Added Member To Class: ClassName=infra&stlink Member=Component R13 47K
Added Member To Class: ClassName=infra&stlink Member=Component R14 10R
Added Member To Class: ClassName=infra&stlink Member=Component R15 10R
Added Member To Class: ClassName=infra&stlink Member=Component RESET KEY_M
Added Member To Class: ClassName=infra&stlink Member=Component SD_CARD sd card
Added Member To Class: ClassName=infra&stlink Member=Component U1 AMS1117-3.3
Added Member To Class: ClassName=infra&stlink Member=Component U2 MPU9250
Added Member To Class: ClassName=infra&stlink Member=Component U3 GPS
Added Member To Class: ClassName=infra&stlink Member=Component U4 AS61-T17
Added Member To Class: ClassName=infra&stlink Member=Component U5 NA
Added Member To Class: ClassName=infra&stlink Member=Component VOUT1 VCC3.3
Added Member To Class: ClassName=infra&stlink Member=Component VOUT2 VCC5
