Change Component Comment : Designator=3.3V Old Comment=Comment New Comment=TEST POINT
Change Component Comment : Designator=5V Old Comment=Comment New Comment=TEST POINT
Change Component Comment : Designator=GND Old Comment=Comment New Comment=TEST POINT
Change component parameters: Designator = "BOOT"; Footprint = "HDR2X3"; UniqueID = "\MDZITANF"
Change component parameters. Clean all parameters for all variants
Change component parameters (AddParameter): Name = "LatestRevisionDate"; Value = "17-Jul-2002"; VariantName = "[No Variations]"
Change component parameters (AddParameter): Name = "LatestRevisionNote"; Value = "Re-released for DXP Platform."; VariantName = "[No Variations]"
Change component parameters (AddParameter): Name = "Publisher"; Value = "Altium Limited"; VariantName = "[No Variations]"
Change component parameters: Designator = "P1"; Footprint = "HDR1X2"; UniqueID = "\NWQKJKUT"
Change component parameters. Clean all parameters for all variants
Change component parameters (AddParameter): Name = "LatestRevisionDate"; Value = "17-Jul-2002"; VariantName = "[No Variations]"
Change component parameters (AddParameter): Name = "LatestRevisionNote"; Value = "Re-released for DXP Platform."; VariantName = "[No Variations]"
Change component parameters (AddParameter): Name = "Publisher"; Value = "Altium Limited"; VariantName = "[No Variations]"
Change component parameters: Designator = "P3"; Footprint = "HDR2X9"; UniqueID = "\FHCEAUOD"
Change component parameters. Clean all parameters for all variants
Change component parameters (AddParameter): Name = "LatestRevisionDate"; Value = "17-Jul-2002"; VariantName = "[No Variations]"
Change component parameters (AddParameter): Name = "LatestRevisionNote"; Value = "Re-released for DXP Platform."; VariantName = "[No Variations]"
Change component parameters (AddParameter): Name = "Publisher"; Value = "Altium Limited"; VariantName = "[No Variations]"
Added Pin To Net: NetName=VCC3.3 Pin=3.3V-1
Added Pin To Net: NetName=VBTN Pin=5V-1
Added Pin To Net: NetName=GND Pin=GND-1
Added Member To Class: ClassName=infra&stlink Member=Component 3.3V TEST POINT
Added Member To Class: ClassName=infra&stlink Member=Component 5V TEST POINT
Added Member To Class: ClassName=infra&stlink Member=Component GND TEST POINT
Added Room: Name=infra&stlink
