Removed Pin From Net: NetName=SPI_SCK Pin=U5-2
Change component parameters: Designator = "BOOT"; Footprint = "HDR2X3"; UniqueID = "\MDZITANF"
Change component parameters. Clean all parameters for all variants
Change component parameters (AddParameter): Name = "LatestRevisionDate"; Value = "17-Jul-2002"; VariantName = "[No Variations]"
Change component parameters (AddParameter): Name = "LatestRevisionNote"; Value = "Re-released for DXP Platform."; VariantName = "[No Variations]"
Change component parameters (AddParameter): Name = "Publisher"; Value = "Altium Limited"; VariantName = "[No Variations]"
Change component parameters: Designator = "P1"; Footprint = "HDR1X2"; UniqueID = "\NWQKJKUT"
Change component parameters. Clean all parameters for all variants
Change component parameters (AddParameter): Name = "LatestRevisionDate"; Value = "17-Jul-2002"; VariantName = "[No Variations]"
Change component parameters (AddParameter): Name = "LatestRevisionNote"; Value = "Re-released for DXP Platform."; VariantName = "[No Variations]"
Change component parameters (AddParameter): Name = "Publisher"; Value = "Altium Limited"; VariantName = "[No Variations]"
Change component parameters: Designator = "P3"; Footprint = "HDR2X9"; UniqueID = "\FHCEAUOD"
Change component parameters. Clean all parameters for all variants
Change component parameters (AddParameter): Name = "LatestRevisionDate"; Value = "17-Jul-2002"; VariantName = "[No Variations]"
Change component parameters (AddParameter): Name = "LatestRevisionNote"; Value = "Re-released for DXP Platform."; VariantName = "[No Variations]"
Change component parameters (AddParameter): Name = "Publisher"; Value = "Altium Limited"; VariantName = "[No Variations]"
Added Component: Designator=R_AUX(0805)
Add component. Clean all parameters for all variants
Added Pin To Net: NetName=SPI_SCK Pin=R_AUX-1
Added Pin To Net: NetName=NetR_AUX_2 Pin=R_AUX-2
Added Pin To Net: NetName=NetR_AUX_2 Pin=U5-2
Added Net: Name=NetR_AUX_2
Added Member To Class: ClassName=infra&stlink Member=Component M1 STM32F4&F7_CB
Added Member To Class: ClassName=infra&stlink Member=Component R_AUX 0R
Added Member To Class: ClassName=infra&stlink Member=Component U2 MPU9250
Added Member To Class: ClassName=infra&stlink Member=Component U5 NA
