Change component parameters: Designator = "BOOT"; Footprint = "HDR2X3"; UniqueID = "\MDZITANF"
Change component parameters. Clean all parameters for all variants
Change component parameters (AddParameter): Name = "LatestRevisionDate"; Value = "17-Jul-2002"; VariantName = "[No Variations]"
Change component parameters (AddParameter): Name = "LatestRevisionNote"; Value = "Re-released for DXP Platform."; VariantName = "[No Variations]"
Change component parameters (AddParameter): Name = "Publisher"; Value = "Altium Limited"; VariantName = "[No Variations]"
Change component parameters: Designator = "P1"; Footprint = "HDR1X2"; UniqueID = "\NWQKJKUT"
Change component parameters. Clean all parameters for all variants
Change component parameters (AddParameter): Name = "LatestRevisionDate"; Value = "17-Jul-2002"; VariantName = "[No Variations]"
Change component parameters (AddParameter): Name = "LatestRevisionNote"; Value = "Re-released for DXP Platform."; VariantName = "[No Variations]"
Change component parameters (AddParameter): Name = "Publisher"; Value = "Altium Limited"; VariantName = "[No Variations]"
Change component parameters: Designator = "P3"; Footprint = "HDR2X9"; UniqueID = "\FHCEAUOD"
Change component parameters. Clean all parameters for all variants
Change component parameters (AddParameter): Name = "LatestRevisionDate"; Value = "17-Jul-2002"; VariantName = "[No Variations]"
Change component parameters (AddParameter): Name = "LatestRevisionNote"; Value = "Re-released for DXP Platform."; VariantName = "[No Variations]"
Change component parameters (AddParameter): Name = "Publisher"; Value = "Altium Limited"; VariantName = "[No Variations]"
Added Pin To Net: NetName=PWM1 Pin=M1-J1_57
Added Pin To Net: NetName=PWM1 Pin=P2-1
Added Net: Name=PWM1
Added Pin To Net: NetName=PWM2 Pin=M1-J1_56
Added Pin To Net: NetName=PWM2 Pin=P2-2
Added Net: Name=PWM2
Added Pin To Net: NetName=PWM3 Pin=M1-J1_3
Added Pin To Net: NetName=PWM3 Pin=P2-3
Added Net: Name=PWM3
Added Member To Class: ClassName=infra&stlink Member=Component M1 STM32F4&F7_CB
Added Room: Name=infra&stlink
